Starting set of 30 batches. 299201 total movies to pull.
9973 movies to process. Initiating.
100 movies processed so far...
200 movies processed so far...
300 movies processed so far...
400 movies processed so far...
500 movies processed so far...
600 movies processed so far...
700 movies processed so far...
800 movies processed so far...
900 movies processed so far...
1000 movies processed so far...
1100 movies processed so far...
1200 movies processed so far...
1300 movies processed so far...
1400 movies processed so far...
1500 movies processed so far...
1600 movies processed so far...
1700 movies processed so far...
1800 movies processed so far...
1900 movies processed so far...
2000 movies processed so far...
2100 movies processed so far...
2200 movies processed so far...
2300 movies processed so far...
2400 movies processed so far...
2500 movies processed so far...
Key error on id movie ID 405481                          , key budget. Added placeholder.
Key error on id movie ID 405481                          , key genres. Added placeholder.
Key error on id movie ID 405481                          , key imdb_id. Added placeholder.
Key error on id movie ID 405481                          , key original_language. Added placeholder.
Key error on id movie ID 405481                          , key overview. Added placeholder.
Key error on id movie ID 405481                          , key production_companies. Added placeholder.
Key error on id movie ID 405481                          , key production_countries. Added placeholder.
Key error on id movie ID 405481                          , key release_date. Added placeholder.
Key error on id movie ID 405481                          , key revenue. Added placeholder.
Key error on id movie ID 405481                          , key runtime. Added placeholder.
Key error on id movie ID 405481                          , key status. Added placeholder.
Key error on id movie ID 405481                          , key tagline. Added placeholder.
Key error on id movie ID 405481                          , key title. Added placeholder.
Key error on id movie ID 405481                          , key vote_average. Added placeholder.
Key error on id movie ID 405481                          , key vote_count. Added placeholder.
2600 movies processed so far...
2700 movies processed so far...
2800 movies processed so far...
2900 movies processed so far...
3000 movies processed so far...
3100 movies processed so far...
3200 movies processed so far...
3300 movies processed so far...
3400 movies processed so far...
3500 movies processed so far...
3600 movies processed so far...
3700 movies processed so far...
3800 movies processed so far...
3900 movies processed so far...
4000 movies processed so far...
4100 movies processed so far...
4200 movies processed so far...
4300 movies processed so far...
4400 movies processed so far...
4500 movies processed so far...
4600 movies processed so far...
4700 movies processed so far...
4800 movies processed so far...
4900 movies processed so far...
5000 movies processed so far...
5100 movies processed so far...
5200 movies processed so far...
5300 movies processed so far...
5400 movies processed so far...
5500 movies processed so far...
5600 movies processed so far...
5700 movies processed so far...
5800 movies processed so far...
5900 movies processed so far...
6000 movies processed so far...
6100 movies processed so far...
6200 movies processed so far...
6300 movies processed so far...
6400 movies processed so far...
6500 movies processed so far...
6600 movies processed so far...
6700 movies processed so far...
6800 movies processed so far...
6900 movies processed so far...
7000 movies processed so far...
7100 movies processed so far...
7200 movies processed so far...
7300 movies processed so far...
7400 movies processed so far...
7500 movies processed so far...
7600 movies processed so far...
7700 movies processed so far...
7800 movies processed so far...
7900 movies processed so far...
8000 movies processed so far...
8100 movies processed so far...
8200 movies processed so far...
8300 movies processed so far...
8400 movies processed so far...
8500 movies processed so far...
8600 movies processed so far...
8700 movies processed so far...
8800 movies processed so far...
8900 movies processed so far...
9000 movies processed so far...
9100 movies processed so far...
9200 movies processed so far...
9300 movies processed so far...
9400 movies processed so far...
9500 movies processed so far...
9600 movies processed so far...
9700 movies processed so far...
9800 movies processed so far...
9900 movies processed so far...
9973 total movies processed successfully
Completed batch 1. Indexes 0 to 9972 retrieved.
9973 movies to process. Initiating.
100 movies processed so far...
200 movies processed so far...
300 movies processed so far...
400 movies processed so far...
500 movies processed so far...
600 movies processed so far...
700 movies processed so far...
800 movies processed so far...
900 movies processed so far...
1000 movies processed so far...
1100 movies processed so far...
1200 movies processed so far...
1300 movies processed so far...
1400 movies processed so far...
1500 movies processed so far...
1600 movies processed so far...
1700 movies processed so far...
1800 movies processed so far...
1900 movies processed so far...
2000 movies processed so far...
2100 movies processed so far...
2200 movies processed so far...
2300 movies processed so far...
2400 movies processed so far...
2500 movies processed so far...
2600 movies processed so far...
2700 movies processed so far...
2800 movies processed so far...
2900 movies processed so far...
3000 movies processed so far...
3100 movies processed so far...
3200 movies processed so far...
3300 movies processed so far...
3400 movies processed so far...
3500 movies processed so far...
3600 movies processed so far...
3700 movies processed so far...
3800 movies processed so far...
3900 movies processed so far...
4000 movies processed so far...
4100 movies processed so far...
4200 movies processed so far...
4300 movies processed so far...
4400 movies processed so far...
4500 movies processed so far...
4600 movies processed so far...
4700 movies processed so far...
4800 movies processed so far...
4900 movies processed so far...
5000 movies processed so far...
5100 movies processed so far...
5200 movies processed so far...
5300 movies processed so far...
5400 movies processed so far...
5500 movies processed so far...
5600 movies processed so far...
5700 movies processed so far...
5800 movies processed so far...
5900 movies processed so far...
6000 movies processed so far...
6100 movies processed so far...
6200 movies processed so far...
6300 movies processed so far...
6400 movies processed so far...
6500 movies processed so far...
6600 movies processed so far...
6700 movies processed so far...
6800 movies processed so far...
6900 movies processed so far...
7000 movies processed so far...
7100 movies processed so far...
7200 movies processed so far...
7300 movies processed so far...
7400 movies processed so far...
7500 movies processed so far...
7600 movies processed so far...
7700 movies processed so far...
7800 movies processed so far...
7900 movies processed so far...
8000 movies processed so far...
8100 movies processed so far...
8200 movies processed so far...
8300 movies processed so far...
8400 movies processed so far...
8500 movies processed so far...
8600 movies processed so far...
8700 movies processed so far...
8800 movies processed so far...
8900 movies processed so far...
9000 movies processed so far...
9100 movies processed so far...
9200 movies processed so far...
9300 movies processed so far...
9400 movies processed so far...
9500 movies processed so far...
9600 movies processed so far...
9700 movies processed so far...
9800 movies processed so far...
9900 movies processed so far...
9973 total movies processed successfully
Completed batch 2. Indexes 9973 to 19945 retrieved.
9973 movies to process. Initiating.
100 movies processed so far...
200 movies processed so far...
300 movies processed so far...
400 movies processed so far...
500 movies processed so far...
600 movies processed so far...
700 movies processed so far...
800 movies processed so far...
900 movies processed so far...
1000 movies processed so far...
1100 movies processed so far...
1200 movies processed so far...
1300 movies processed so far...
1400 movies processed so far...
1500 movies processed so far...
1600 movies processed so far...
1700 movies processed so far...
1800 movies processed so far...
1900 movies processed so far...
2000 movies processed so far...
2100 movies processed so far...
2200 movies processed so far...
2300 movies processed so far...
2400 movies processed so far...
2500 movies processed so far...
2600 movies processed so far...
2700 movies processed so far...
2800 movies processed so far...
2900 movies processed so far...
3000 movies processed so far...
3100 movies processed so far...
3200 movies processed so far...
3300 movies processed so far...
3400 movies processed so far...
3500 movies processed so far...
3600 movies processed so far...
3700 movies processed so far...
3800 movies processed so far...
3900 movies processed so far...
4000 movies processed so far...
4100 movies processed so far...
4200 movies processed so far...
4300 movies processed so far...
4400 movies processed so far...
4500 movies processed so far...
4600 movies processed so far...
4700 movies processed so far...
4800 movies processed so far...
4900 movies processed so far...
5000 movies processed so far...
5100 movies processed so far...
5200 movies processed so far...
5300 movies processed so far...
5400 movies processed so far...
5500 movies processed so far...
5600 movies processed so far...
5700 movies processed so far...
5800 movies processed so far...
5900 movies processed so far...
6000 movies processed so far...
6100 movies processed so far...
6200 movies processed so far...
6300 movies processed so far...
6400 movies processed so far...
6500 movies processed so far...
6600 movies processed so far...
6700 movies processed so far...
6800 movies processed so far...
6900 movies processed so far...
7000 movies processed so far...
7100 movies processed so far...
7200 movies processed so far...
7300 movies processed so far...
7400 movies processed so far...
7500 movies processed so far...
7600 movies processed so far...
7700 movies processed so far...
7800 movies processed so far...
7900 movies processed so far...
8000 movies processed so far...
8100 movies processed so far...
8200 movies processed so far...
8300 movies processed so far...
8400 movies processed so far...
8500 movies processed so far...
8600 movies processed so far...
8700 movies processed so far...
8800 movies processed so far...
8900 movies processed so far...
9000 movies processed so far...
9100 movies processed so far...
9200 movies processed so far...
9300 movies processed so far...
9400 movies processed so far...
9500 movies processed so far...
9600 movies processed so far...
9700 movies processed so far...
9800 movies processed so far...
9900 movies processed so far...
9973 total movies processed successfully
Completed batch 3. Indexes 19946 to 29918 retrieved.
9973 movies to process. Initiating.
100 movies processed so far...
200 movies processed so far...
300 movies processed so far...
400 movies processed so far...
500 movies processed so far...
600 movies processed so far...
700 movies processed so far...
800 movies processed so far...
900 movies processed so far...
1000 movies processed so far...
1100 movies processed so far...
1200 movies processed so far...
1300 movies processed so far...
1400 movies processed so far...
1500 movies processed so far...
1600 movies processed so far...
1700 movies processed so far...
1800 movies processed so far...
1900 movies processed so far...
2000 movies processed so far...
2100 movies processed so far...
2200 movies processed so far...
2300 movies processed so far...
2400 movies processed so far...
2500 movies processed so far...
2600 movies processed so far...
2700 movies processed so far...
2800 movies processed so far...
2900 movies processed so far...
3000 movies processed so far...
3100 movies processed so far...
3200 movies processed so far...
3300 movies processed so far...
3400 movies processed so far...
3500 movies processed so far...
3600 movies processed so far...
3700 movies processed so far...
3800 movies processed so far...
3900 movies processed so far...
4000 movies processed so far...
4100 movies processed so far...
4200 movies processed so far...
4300 movies processed so far...
4400 movies processed so far...
4500 movies processed so far...
4600 movies processed so far...
4700 movies processed so far...
4800 movies processed so far...
4900 movies processed so far...
5000 movies processed so far...
5100 movies processed so far...
5200 movies processed so far...
5300 movies processed so far...
5400 movies processed so far...
5500 movies processed so far...
5600 movies processed so far...
5700 movies processed so far...
5800 movies processed so far...
5900 movies processed so far...
6000 movies processed so far...
6100 movies processed so far...
6200 movies processed so far...
6300 movies processed so far...
6400 movies processed so far...
6500 movies processed so far...
6600 movies processed so far...
6700 movies processed so far...
6800 movies processed so far...
6900 movies processed so far...
7000 movies processed so far...
7100 movies processed so far...
7200 movies processed so far...
7300 movies processed so far...
7400 movies processed so far...
7500 movies processed so far...
7600 movies processed so far...
7700 movies processed so far...
7800 movies processed so far...
7900 movies processed so far...
8000 movies processed so far...
8100 movies processed so far...
8200 movies processed so far...
8300 movies processed so far...
8400 movies processed so far...
8500 movies processed so far...
8600 movies processed so far...
8700 movies processed so far...
8800 movies processed so far...
8900 movies processed so far...
9000 movies processed so far...
9100 movies processed so far...
9200 movies processed so far...
9300 movies processed so far...
9400 movies processed so far...
9500 movies processed so far...
9600 movies processed so far...
9700 movies processed so far...
9800 movies processed so far...
9900 movies processed so far...
9973 total movies processed successfully
Completed batch 4. Indexes 29919 to 39891 retrieved.
9973 movies to process. Initiating.
100 movies processed so far...
200 movies processed so far...
300 movies processed so far...
400 movies processed so far...
500 movies processed so far...
600 movies processed so far...
700 movies processed so far...
800 movies processed so far...
900 movies processed so far...
1000 movies processed so far...
1100 movies processed so far...
1200 movies processed so far...
1300 movies processed so far...
1400 movies processed so far...
1500 movies processed so far...
1600 movies processed so far...
1700 movies processed so far...
1800 movies processed so far...
1900 movies processed so far...
2000 movies processed so far...
2100 movies processed so far...
2200 movies processed so far...
2300 movies processed so far...
2400 movies processed so far...
2500 movies processed so far...
2600 movies processed so far...
2700 movies processed so far...
2800 movies processed so far...
2900 movies processed so far...
3000 movies processed so far...
3100 movies processed so far...
3200 movies processed so far...
3300 movies processed so far...
3400 movies processed so far...
3500 movies processed so far...
3600 movies processed so far...
3700 movies processed so far...
3800 movies processed so far...
3900 movies processed so far...
4000 movies processed so far...
4100 movies processed so far...
4200 movies processed so far...
4300 movies processed so far...
4400 movies processed so far...
4500 movies processed so far...
4600 movies processed so far...
4700 movies processed so far...
4800 movies processed so far...
4900 movies processed so far...
5000 movies processed so far...
5100 movies processed so far...
5200 movies processed so far...
5300 movies processed so far...
5400 movies processed so far...
5500 movies processed so far...
5600 movies processed so far...
5700 movies processed so far...
5800 movies processed so far...
5900 movies processed so far...
6000 movies processed so far...
6100 movies processed so far...
6200 movies processed so far...
6300 movies processed so far...
6400 movies processed so far...
6500 movies processed so far...
6600 movies processed so far...
6700 movies processed so far...
6800 movies processed so far...
6900 movies processed so far...
7000 movies processed so far...
7100 movies processed so far...
7200 movies processed so far...
7300 movies processed so far...
7400 movies processed so far...
7500 movies processed so far...
7600 movies processed so far...
7700 movies processed so far...
7800 movies processed so far...
7900 movies processed so far...
8000 movies processed so far...
8100 movies processed so far...
8200 movies processed so far...
8300 movies processed so far...
8400 movies processed so far...
8500 movies processed so far...
8600 movies processed so far...
8700 movies processed so far...
8800 movies processed so far...
8900 movies processed so far...
9000 movies processed so far...
9100 movies processed so far...
9200 movies processed so far...
9300 movies processed so far...
9400 movies processed so far...
9500 movies processed so far...
9600 movies processed so far...
9700 movies processed so far...
9800 movies processed so far...
9900 movies processed so far...
9973 total movies processed successfully
Completed batch 5. Indexes 39892 to 49864 retrieved.
9973 movies to process. Initiating.
100 movies processed so far...
200 movies processed so far...
300 movies processed so far...
400 movies processed so far...
500 movies processed so far...
600 movies processed so far...
700 movies processed so far...
800 movies processed so far...
900 movies processed so far...
1000 movies processed so far...
1100 movies processed so far...
1200 movies processed so far...
1300 movies processed so far...
1400 movies processed so far...
1500 movies processed so far...
1600 movies processed so far...
1700 movies processed so far...
1800 movies processed so far...
1900 movies processed so far...
2000 movies processed so far...
2100 movies processed so far...
2200 movies processed so far...
2300 movies processed so far...
2400 movies processed so far...
2500 movies processed so far...
2600 movies processed so far...
2700 movies processed so far...
2800 movies processed so far...
2900 movies processed so far...
3000 movies processed so far...
3100 movies processed so far...
3200 movies processed so far...
3300 movies processed so far...
3400 movies processed so far...
3500 movies processed so far...
3600 movies processed so far...
3700 movies processed so far...
3800 movies processed so far...
3900 movies processed so far...
4000 movies processed so far...
4100 movies processed so far...
4200 movies processed so far...
4300 movies processed so far...
4400 movies processed so far...
4500 movies processed so far...
4600 movies processed so far...
4700 movies processed so far...
4800 movies processed so far...
4900 movies processed so far...
5000 movies processed so far...
5100 movies processed so far...
5200 movies processed so far...
5300 movies processed so far...
5400 movies processed so far...
5500 movies processed so far...
5600 movies processed so far...
5700 movies processed so far...
5800 movies processed so far...
5900 movies processed so far...
6000 movies processed so far...
6100 movies processed so far...
6200 movies processed so far...
6300 movies processed so far...
6400 movies processed so far...
6500 movies processed so far...
6600 movies processed so far...
6700 movies processed so far...
6800 movies processed so far...
6900 movies processed so far...
7000 movies processed so far...
7100 movies processed so far...
7200 movies processed so far...
7300 movies processed so far...
7400 movies processed so far...
7500 movies processed so far...
7600 movies processed so far...
7700 movies processed so far...
7800 movies processed so far...
7900 movies processed so far...
8000 movies processed so far...
8100 movies processed so far...
8200 movies processed so far...
8300 movies processed so far...
8400 movies processed so far...
8500 movies processed so far...
8600 movies processed so far...
Key error on id movie ID 482297                          , key budget. Added placeholder.
Key error on id movie ID 482297                          , key genres. Added placeholder.
Key error on id movie ID 482297                          , key imdb_id. Added placeholder.
Key error on id movie ID 482297                          , key original_language. Added placeholder.
Key error on id movie ID 482297                          , key overview. Added placeholder.
Key error on id movie ID 482297                          , key production_companies. Added placeholder.
Key error on id movie ID 482297                          , key production_countries. Added placeholder.
Key error on id movie ID 482297                          , key release_date. Added placeholder.
Key error on id movie ID 482297                          , key revenue. Added placeholder.
Key error on id movie ID 482297                          , key runtime. Added placeholder.
Key error on id movie ID 482297                          , key status. Added placeholder.
Key error on id movie ID 482297                          , key tagline. Added placeholder.
Key error on id movie ID 482297                          , key title. Added placeholder.
Key error on id movie ID 482297                          , key vote_average. Added placeholder.
Key error on id movie ID 482297                          , key vote_count. Added placeholder.
8700 movies processed so far...
8800 movies processed so far...
8900 movies processed so far...
9000 movies processed so far...
9100 movies processed so far...
9200 movies processed so far...
9300 movies processed so far...
9400 movies processed so far...
9500 movies processed so far...
9600 movies processed so far...
9700 movies processed so far...
9800 movies processed so far...
9900 movies processed so far...
9973 total movies processed successfully
Completed batch 6. Indexes 49865 to 59837 retrieved.
9973 movies to process. Initiating.
100 movies processed so far...
200 movies processed so far...
300 movies processed so far...
400 movies processed so far...
500 movies processed so far...
600 movies processed so far...
700 movies processed so far...
800 movies processed so far...
900 movies processed so far...
1000 movies processed so far...
1100 movies processed so far...
1200 movies processed so far...
1300 movies processed so far...
1400 movies processed so far...
1500 movies processed so far...
1600 movies processed so far...
1700 movies processed so far...
1800 movies processed so far...
1900 movies processed so far...
2000 movies processed so far...
2100 movies processed so far...
2200 movies processed so far...
2300 movies processed so far...
2400 movies processed so far...
2500 movies processed so far...
2600 movies processed so far...
2700 movies processed so far...
2800 movies processed so far...
2900 movies processed so far...
3000 movies processed so far...
3100 movies processed so far...
3200 movies processed so far...
3300 movies processed so far...
3400 movies processed so far...
3500 movies processed so far...
3600 movies processed so far...
3700 movies processed so far...
3800 movies processed so far...
3900 movies processed so far...
4000 movies processed so far...
4100 movies processed so far...
4200 movies processed so far...
4300 movies processed so far...
4400 movies processed so far...
4500 movies processed so far...
4600 movies processed so far...
4700 movies processed so far...
4800 movies processed so far...
4900 movies processed so far...
5000 movies processed so far...
5100 movies processed so far...
5200 movies processed so far...
5300 movies processed so far...
5400 movies processed so far...
5500 movies processed so far...
5600 movies processed so far...
Key error on id movie ID 492082                          , key budget. Added placeholder.
Key error on id movie ID 492082                          , key genres. Added placeholder.
Key error on id movie ID 492082                          , key imdb_id. Added placeholder.
Key error on id movie ID 492082                          , key original_language. Added placeholder.
Key error on id movie ID 492082                          , key overview. Added placeholder.
Key error on id movie ID 492082                          , key production_companies. Added placeholder.
Key error on id movie ID 492082                          , key production_countries. Added placeholder.
Key error on id movie ID 492082                          , key release_date. Added placeholder.
Key error on id movie ID 492082                          , key revenue. Added placeholder.
Key error on id movie ID 492082                          , key runtime. Added placeholder.
Key error on id movie ID 492082                          , key status. Added placeholder.
Key error on id movie ID 492082                          , key tagline. Added placeholder.
Key error on id movie ID 492082                          , key title. Added placeholder.
Key error on id movie ID 492082                          , key vote_average. Added placeholder.
Key error on id movie ID 492082                          , key vote_count. Added placeholder.
5700 movies processed so far...
5800 movies processed so far...
5900 movies processed so far...
6000 movies processed so far...
6100 movies processed so far...
6200 movies processed so far...
6300 movies processed so far...
6400 movies processed so far...
6500 movies processed so far...
6600 movies processed so far...
6700 movies processed so far...
6800 movies processed so far...
6900 movies processed so far...
7000 movies processed so far...
7100 movies processed so far...
7200 movies processed so far...
7300 movies processed so far...
7400 movies processed so far...
7500 movies processed so far...
7600 movies processed so far...
7700 movies processed so far...
7800 movies processed so far...
7900 movies processed so far...
8000 movies processed so far...
8100 movies processed so far...
8200 movies processed so far...
8300 movies processed so far...
8400 movies processed so far...
8500 movies processed so far...
8600 movies processed so far...
8700 movies processed so far...
8800 movies processed so far...
8900 movies processed so far...
9000 movies processed so far...
9100 movies processed so far...
9200 movies processed so far...
9300 movies processed so far...
9400 movies processed so far...
9500 movies processed so far...
9600 movies processed so far...
9700 movies processed so far...
9800 movies processed so far...
9900 movies processed so far...
9973 total movies processed successfully
Completed batch 7. Indexes 59838 to 69810 retrieved.
9973 movies to process. Initiating.
100 movies processed so far...
200 movies processed so far...
300 movies processed so far...
400 movies processed so far...
500 movies processed so far...
600 movies processed so far...
700 movies processed so far...
800 movies processed so far...
900 movies processed so far...
1000 movies processed so far...
1100 movies processed so far...
1200 movies processed so far...
1300 movies processed so far...
1400 movies processed so far...
1500 movies processed so far...
1600 movies processed so far...
1700 movies processed so far...
1800 movies processed so far...
1900 movies processed so far...
2000 movies processed so far...
2100 movies processed so far...
2200 movies processed so far...
2300 movies processed so far...
2400 movies processed so far...
2500 movies processed so far...
2600 movies processed so far...
2700 movies processed so far...
2800 movies processed so far...
2900 movies processed so far...
3000 movies processed so far...
3100 movies processed so far...
3200 movies processed so far...
3300 movies processed so far...
3400 movies processed so far...
3500 movies processed so far...
3600 movies processed so far...
3700 movies processed so far...
3800 movies processed so far...
3900 movies processed so far...
4000 movies processed so far...
4100 movies processed so far...
4200 movies processed so far...
4300 movies processed so far...
4400 movies processed so far...
4500 movies processed so far...
4600 movies processed so far...
4700 movies processed so far...
4800 movies processed so far...
4900 movies processed so far...
5000 movies processed so far...
5100 movies processed so far...
5200 movies processed so far...
5300 movies processed so far...
5400 movies processed so far...
5500 movies processed so far...
5600 movies processed so far...
5700 movies processed so far...
5800 movies processed so far...
5900 movies processed so far...
6000 movies processed so far...
6100 movies processed so far...
6200 movies processed so far...
6300 movies processed so far...
6400 movies processed so far...
6500 movies processed so far...
6600 movies processed so far...
6700 movies processed so far...
6800 movies processed so far...
6900 movies processed so far...
7000 movies processed so far...
7100 movies processed so far...
7200 movies processed so far...
7300 movies processed so far...
7400 movies processed so far...
7500 movies processed so far...
7600 movies processed so far...
7700 movies processed so far...
7800 movies processed so far...
7900 movies processed so far...
8000 movies processed so far...
8100 movies processed so far...
8200 movies processed so far...
8300 movies processed so far...
8400 movies processed so far...
8500 movies processed so far...
8600 movies processed so far...
8700 movies processed so far...
8800 movies processed so far...
8900 movies processed so far...
9000 movies processed so far...
9100 movies processed so far...
9200 movies processed so far...
9300 movies processed so far...
9400 movies processed so far...
9500 movies processed so far...
9600 movies processed so far...
9700 movies processed so far...
---------------------------------------------------------------------------
timeout                                   Traceback (most recent call last)
~/opt/anaconda3/envs/learn-env/lib/python3.8/site-packages/urllib3/connectionpool.py in _make_request(self, conn, method, url, timeout, chunked, **httplib_request_kw)
    380         try:
--> 381             self._validate_conn(conn)
    382         except (SocketTimeout, BaseSSLError) as e:

~/opt/anaconda3/envs/learn-env/lib/python3.8/site-packages/urllib3/connectionpool.py in _validate_conn(self, conn)
    977         if not getattr(conn, "sock", None):  # AppEngine might not have  `.sock`
--> 978             conn.connect()
    979 

~/opt/anaconda3/envs/learn-env/lib/python3.8/site-packages/urllib3/connection.py in connect(self)
    361 
--> 362         self.sock = ssl_wrap_socket(
    363             sock=conn,

~/opt/anaconda3/envs/learn-env/lib/python3.8/site-packages/urllib3/util/ssl_.py in ssl_wrap_socket(sock, keyfile, certfile, cert_reqs, ca_certs, server_hostname, ssl_version, ciphers, ssl_context, ca_cert_dir, key_password, ca_cert_data)
    383         if HAS_SNI and server_hostname is not None:
--> 384             return context.wrap_socket(sock, server_hostname=server_hostname)
    385 

~/opt/anaconda3/envs/learn-env/lib/python3.8/ssl.py in wrap_socket(self, sock, server_side, do_handshake_on_connect, suppress_ragged_eofs, server_hostname, session)
    499         # ctx._wrap_socket()
--> 500         return self.sslsocket_class._create(
    501             sock=sock,

~/opt/anaconda3/envs/learn-env/lib/python3.8/ssl.py in _create(cls, sock, server_side, do_handshake_on_connect, suppress_ragged_eofs, server_hostname, context, session)
   1039                         raise ValueError("do_handshake_on_connect should not be specified for non-blocking sockets")
-> 1040                     self.do_handshake()
   1041             except (OSError, ValueError):

~/opt/anaconda3/envs/learn-env/lib/python3.8/ssl.py in do_handshake(self, block)
   1308                 self.settimeout(None)
-> 1309             self._sslobj.do_handshake()
   1310         finally:

timeout: _ssl.c:1106: The handshake operation timed out

During handling of the above exception, another exception occurred:

ReadTimeoutError                          Traceback (most recent call last)
~/opt/anaconda3/envs/learn-env/lib/python3.8/site-packages/requests/adapters.py in send(self, request, stream, timeout, verify, cert, proxies)
    438             if not chunked:
--> 439                 resp = conn.urlopen(
    440                     method=request.method,

~/opt/anaconda3/envs/learn-env/lib/python3.8/site-packages/urllib3/connectionpool.py in urlopen(self, method, url, body, headers, retries, redirect, assert_same_host, timeout, pool_timeout, release_conn, chunked, body_pos, **response_kw)
    725 
--> 726             retries = retries.increment(
    727                 method, url, error=e, _pool=self, _stacktrace=sys.exc_info()[2]

~/opt/anaconda3/envs/learn-env/lib/python3.8/site-packages/urllib3/util/retry.py in increment(self, method, url, response, error, _pool, _stacktrace)
    402             if read is False or not self._is_method_retryable(method):
--> 403                 raise six.reraise(type(error), error, _stacktrace)
    404             elif read is not None:

~/opt/anaconda3/envs/learn-env/lib/python3.8/site-packages/urllib3/packages/six.py in reraise(tp, value, tb)
    734                 raise value.with_traceback(tb)
--> 735             raise value
    736         finally:

~/opt/anaconda3/envs/learn-env/lib/python3.8/site-packages/urllib3/connectionpool.py in urlopen(self, method, url, body, headers, retries, redirect, assert_same_host, timeout, pool_timeout, release_conn, chunked, body_pos, **response_kw)
    669             # Make the request on the httplib connection object.
--> 670             httplib_response = self._make_request(
    671                 conn,

~/opt/anaconda3/envs/learn-env/lib/python3.8/site-packages/urllib3/connectionpool.py in _make_request(self, conn, method, url, timeout, chunked, **httplib_request_kw)
    383             # Py2 raises this as a BaseSSLError, Py3 raises it as socket timeout.
--> 384             self._raise_timeout(err=e, url=url, timeout_value=conn.timeout)
    385             raise

~/opt/anaconda3/envs/learn-env/lib/python3.8/site-packages/urllib3/connectionpool.py in _raise_timeout(self, err, url, timeout_value)
    334         if isinstance(err, SocketTimeout):
--> 335             raise ReadTimeoutError(
    336                 self, url, "Read timed out. (read timeout=%s)" % timeout_value

ReadTimeoutError: HTTPSConnectionPool(host='api.themoviedb.org', port=443): Read timed out. (read timeout=2)

During handling of the above exception, another exception occurred:

ReadTimeout                               Traceback (most recent call last)
<ipython-input-21-5208e4fb0f90> in tmdb_getmoviedetails(movie_list_slice, api_key)
     22         try:
---> 23             response = requests.get(url, headers=headers, timeout=(2, 5))
     24             resp_dict = json.loads(response.text)

~/opt/anaconda3/envs/learn-env/lib/python3.8/site-packages/requests/api.py in get(url, params, **kwargs)
     75     kwargs.setdefault('allow_redirects', True)
---> 76     return request('get', url, params=params, **kwargs)
     77 

~/opt/anaconda3/envs/learn-env/lib/python3.8/site-packages/requests/api.py in request(method, url, **kwargs)
     60     with sessions.Session() as session:
---> 61         return session.request(method=method, url=url, **kwargs)
     62 

~/opt/anaconda3/envs/learn-env/lib/python3.8/site-packages/requests/sessions.py in request(self, method, url, params, data, headers, cookies, files, auth, timeout, allow_redirects, proxies, hooks, stream, verify, cert, json)
    529         send_kwargs.update(settings)
--> 530         resp = self.send(prep, **send_kwargs)
    531 

~/opt/anaconda3/envs/learn-env/lib/python3.8/site-packages/requests/sessions.py in send(self, request, **kwargs)
    642         # Send the request
--> 643         r = adapter.send(request, **kwargs)
    644 

~/opt/anaconda3/envs/learn-env/lib/python3.8/site-packages/requests/adapters.py in send(self, request, stream, timeout, verify, cert, proxies)
    528             elif isinstance(e, ReadTimeoutError):
--> 529                 raise ReadTimeout(e, request=request)
    530             else:

ReadTimeout: HTTPSConnectionPool(host='api.themoviedb.org', port=443): Read timed out. (read timeout=2)

During handling of the above exception, another exception occurred:

NameError                                 Traceback (most recent call last)
<ipython-input-22-3086f5dab166> in <module>
      1 # Added exception handling for timeouts, need to start again at 208977 for run 3
----> 2 batch_api_data_collection(unpopular[208977:], 30, 'tmdb_moviedetails_unpop_r3', api_key)

<ipython-input-11-4a9a0a51fba1> in batch_api_data_collection(full_list, batch_count, file_prefix, api_key)
      9         if i != batch_count:
     10 
---> 11             batch = tmdb_getmoviedetails(full_list[start_index:stop_index], api_key)
     12             pickle.Pickler(open(f'{file_prefix}_batch_{i}.pickle', 'wb')).dump(batch)
     13 

<ipython-input-21-5208e4fb0f90> in tmdb_getmoviedetails(movie_list_slice, api_key)
     36                     # Trying with just empty string
     37                     movie[key] = ''
---> 38         except Timeout:
     39             print(f"Timeout error on id movie ID {movie['id']}. Skipped")
     40 

NameError: name 'Timeout' is not defined
